<?xml version="1.0" encoding="UTF-8"?>
<!-- Generated by org.testng.reporters.JUnitReportReporter -->
<testsuite skipped="0" hostname="MohammaAminsAir.cable.rcn.com" name="Test01_JasonServer_RestAPI.Test01_JasonServer_RestAPI" tests="1" failures="0" timestamp="2022-08-10T02:25:39 EDT" time="2.222" errors="0">
  <testcase name="test_Put_Own_Server" time="2.222" classname="Test01_JasonServer_RestAPI.Test01_JasonServer_RestAPI"/>
</testsuite> <!-- Test01_JasonServer_RestAPI.Test01_JasonServer_RestAPI -->
